Warn : Interface already configured, ignoring
Error: already specified hl_layout stlink
Info : The selected transport took over low-level target control. The results might differ compared to plain JTAG/SWD
adapter speed: 1000 kHz
adapter_nsrst_delay: 100
none separate
srst_only separate srst_nogate srst_open_drain connect_deassert_srst
Info : Unable to match requested speed 1000 kHz, using 950 kHz
Info : Unable to match requested speed 1000 kHz, using 950 kHz
Info : clock speed 950 kHz
Info : STLINK v2 JTAG v37 API v2 SWIM v26 VID 0x0483 PID 0x374B
Info : using stlink api v2
Info : Target voltage: 3.252984
Info : stm32f0x.cpu: hardware has 4 breakpoints, 2 watchpoints
Info : accepting 'gdb' connection from pipe
Info : device id = 0x20016448
Info : flash size = 128kbytes
undefined debug reason 7 - target needs reset
Info : Unable to match requested speed 1000 kHz, using 950 kHz
Info : Unable to match requested speed 1000 kHz, using 950 kHz
adapter speed: 950 kHz
target halted due to debug-request, current mode: Thread 
xPSR: 0xc1000000 pc: 0x08003b60 msp: 0x20003ffc
Info : Unable to match requested speed 1000 kHz, using 950 kHz
Info : Unable to match requested speed 1000 kHz, using 950 kHz
adapter speed: 950 kHz
target halted due to debug-request, current mode: Thread 
xPSR: 0xc1000000 pc: 0x08003b60 msp: 0x20003ffc
Info : Unable to match requested speed 8000 kHz, using 4000 kHz
Info : Unable to match requested speed 8000 kHz, using 4000 kHz
adapter speed: 4000 kHz
Info : Padding image section 0 with 4 bytes
target halted due to breakpoint, current mode: Thread 
xPSR: 0x61000000 pc: 0x2000003a msp: 0x20003ffc
Warn : keep_alive() was not invoked in the 1000ms timelimit. GDB alive packet not sent! (1196). Workaround: increase "set remotetimeout" in GDB
Info : Unable to match requested speed 1000 kHz, using 950 kHz
Info : Unable to match requested speed 1000 kHz, using 950 kHz
adapter speed: 950 kHz
target halted due to debug-request, current mode: Thread 
xPSR: 0xc1000000 pc: 0x08003b60 msp: 0x20003ffc
Info : dropped 'gdb' connection
